<?xml version="1.0" encoding="UTF-8"?>
<!-- Generated by org.testng.reporters.JUnitXMLReporter -->
<testsuite hostname="BCSLAPY-YASHPAL" name="Default test" tests="48" failures="0" timestamp="5 Jun 2017 12:23:05 GMT" time="0.292" errors="0">
  <testcase name="@BeforeClass navigation" time="0.0" classname="com.volaris.testscripts.Re10">
    <failure type="org.testng.TestNGException" message="
Parameter &amp;apos;browserName&amp;apos; is required by @Configuration on method navigation but has not been marked @Optional or defined
in C:\Users\yashpal.singh\AppData\Local\Temp\testng-eclipse-481599528\testng-customsuite.xml">
      <![CDATA[org.testng.TestNGException: 
Parameter 'browserName' is required by @Configuration on method navigation but has not been marked @Optional or defined
in C:\Users\yashpal.singh\AppData\Local\Temp\testng-eclipse-481599528\testng-customsuite.xml
	at org.testng.internal.Parameters.createParameters(Parameters.java:154)
	at org.testng.internal.Parameters.createParameters(Parameters.java:361)
	at org.testng.internal.Parameters.createConfigurationParameters(Parameters.java:84)
	at org.testng.internal.Invoker.invokeConfigurations(Invoker.java:201)
	at org.testng.internal.Invoker.invokeConfigurations(Invoker.java:142)
	at org.testng.internal.TestMethodWorker.invokeBeforeClassMethods(TestMethodWorker.java:178)
	at org.testng.internal.TestMethodWorker.run(TestMethodWorker.java:108)
	at org.testng.TestRunner.privateRun(TestRunner.java:782)
	at org.testng.TestRunner.run(TestRunner.java:632)
	at org.testng.SuiteRunner.runTest(SuiteRunner.java:366)
	at org.testng.SuiteRunner.runSequentially(SuiteRunner.java:361)
	at org.testng.SuiteRunner.privateRun(SuiteRunner.java:319)
	at org.testng.SuiteRunner.run(SuiteRunner.java:268)
	at org.testng.SuiteRunnerWorker.runSuite(SuiteRunnerWorker.java:52)
	at org.testng.SuiteRunnerWorker.run(SuiteRunnerWorker.java:86)
	at org.testng.TestNG.runSuitesSequentially(TestNG.java:1244)
	at org.testng.TestNG.runSuitesLocally(TestNG.java:1169)
	at org.testng.TestNG.run(TestNG.java:1064)
	at org.testng.remote.AbstractRemoteTestNG.run(AbstractRemoteTestNG.java:132)
	at org.testng.remote.RemoteTestNG.initAndRun(RemoteTestNG.java:230)
	at org.testng.remote.RemoteTestNG.main(RemoteTestNG.java:76)
]]>
    </failure>
  </testcase> <!-- @BeforeClass navigation -->
  <testcase name="@BeforeMethod beforeTest" time="0.0" classname="com.volaris.testscripts.Re10">
    <skipped/>
  </testcase> <!-- @BeforeMethod beforeTest -->
  <testcase name="@AfterMethod setupEnv" time="0.0" classname="com.volaris.testscripts.Re10">
    <skipped/>
  </testcase> <!-- @AfterMethod setupEnv -->
  <testcase name="@BeforeMethod beforeTest" time="0.0" classname="com.volaris.testscripts.Re10">
    <skipped/>
  </testcase> <!-- @BeforeMethod beforeTest -->
  <testcase name="@AfterMethod setupEnv" time="0.0" classname="com.volaris.testscripts.Re10">
    <skipped/>
  </testcase> <!-- @AfterMethod setupEnv -->
  <testcase name="@BeforeMethod beforeTest" time="0.0" classname="com.volaris.testscripts.Re10">
    <skipped/>
  </testcase> <!-- @BeforeMethod beforeTest -->
  <testcase name="@AfterMethod setupEnv" time="0.0" classname="com.volaris.testscripts.Re10">
    <skipped/>
  </testcase> <!-- @AfterMethod setupEnv -->
  <testcase name="@BeforeMethod beforeTest" time="0.0" classname="com.volaris.testscripts.Re10">
    <skipped/>
  </testcase> <!-- @BeforeMethod beforeTest -->
  <testcase name="@AfterMethod setupEnv" time="0.0" classname="com.volaris.testscripts.Re10">
    <skipped/>
  </testcase> <!-- @AfterMethod setupEnv -->
  <testcase name="@BeforeMethod beforeTest" time="0.0" classname="com.volaris.testscripts.Re10">
    <skipped/>
  </testcase> <!-- @BeforeMethod beforeTest -->
  <testcase name="@AfterMethod setupEnv" time="0.0" classname="com.volaris.testscripts.Re10">
    <skipped/>
  </testcase> <!-- @AfterMethod setupEnv -->
  <testcase name="@BeforeMethod beforeTest" time="0.0" classname="com.volaris.testscripts.Re10">
    <skipped/>
  </testcase> <!-- @BeforeMethod beforeTest -->
  <testcase name="@AfterMethod setupEnv" time="0.0" classname="com.volaris.testscripts.Re10">
    <skipped/>
  </testcase> <!-- @AfterMethod setupEnv -->
  <testcase name="@BeforeMethod beforeTest" time="0.0" classname="com.volaris.testscripts.Re10">
    <skipped/>
  </testcase> <!-- @BeforeMethod beforeTest -->
  <testcase name="@AfterMethod setupEnv" time="0.0" classname="com.volaris.testscripts.Re10">
    <skipped/>
  </testcase> <!-- @AfterMethod setupEnv -->
  <testcase name="@BeforeMethod beforeTest" time="0.0" classname="com.volaris.testscripts.Re10">
    <skipped/>
  </testcase> <!-- @BeforeMethod beforeTest -->
  <testcase name="@AfterMethod setupEnv" time="0.0" classname="com.volaris.testscripts.Re10">
    <skipped/>
  </testcase> <!-- @AfterMethod setupEnv -->
  <testcase name="@BeforeMethod beforeTest" time="0.0" classname="com.volaris.testscripts.Re10">
    <skipped/>
  </testcase> <!-- @BeforeMethod beforeTest -->
  <testcase name="@AfterMethod setupEnv" time="0.0" classname="com.volaris.testscripts.Re10">
    <skipped/>
  </testcase> <!-- @AfterMethod setupEnv -->
  <testcase name="@BeforeMethod beforeTest" time="0.0" classname="com.volaris.testscripts.Re10">
    <skipped/>
  </testcase> <!-- @BeforeMethod beforeTest -->
  <testcase name="@AfterMethod setupEnv" time="0.0" classname="com.volaris.testscripts.Re10">
    <skipped/>
  </testcase> <!-- @AfterMethod setupEnv -->
  <testcase name="@BeforeMethod beforeTest" time="0.0" classname="com.volaris.testscripts.Re10">
    <skipped/>
  </testcase> <!-- @BeforeMethod beforeTest -->
  <testcase name="@AfterMethod setupEnv" time="0.0" classname="com.volaris.testscripts.Re10">
    <skipped/>
  </testcase> <!-- @AfterMethod setupEnv -->
  <testcase name="@BeforeMethod beforeTest" time="0.0" classname="com.volaris.testscripts.Re10">
    <skipped/>
  </testcase> <!-- @BeforeMethod beforeTest -->
  <testcase name="@AfterMethod setupEnv" time="0.0" classname="com.volaris.testscripts.Re10">
    <skipped/>
  </testcase> <!-- @AfterMethod setupEnv -->
  <testcase name="@BeforeMethod beforeTest" time="0.0" classname="com.volaris.testscripts.Re10">
    <skipped/>
  </testcase> <!-- @BeforeMethod beforeTest -->
  <testcase name="@AfterMethod setupEnv" time="0.0" classname="com.volaris.testscripts.Re10">
    <skipped/>
  </testcase> <!-- @AfterMethod setupEnv -->
  <testcase name="@BeforeMethod beforeTest" time="0.0" classname="com.volaris.testscripts.Re10">
    <skipped/>
  </testcase> <!-- @BeforeMethod beforeTest -->
  <testcase name="@AfterMethod setupEnv" time="0.0" classname="com.volaris.testscripts.Re10">
    <skipped/>
  </testcase> <!-- @AfterMethod setupEnv -->
  <testcase name="@BeforeMethod beforeTest" time="0.0" classname="com.volaris.testscripts.Re10">
    <skipped/>
  </testcase> <!-- @BeforeMethod beforeTest -->
  <testcase name="@AfterMethod setupEnv" time="0.0" classname="com.volaris.testscripts.Re10">
    <skipped/>
  </testcase> <!-- @AfterMethod setupEnv -->
  <testcase name="@BeforeMethod beforeTest" time="0.0" classname="com.volaris.testscripts.Re10">
    <skipped/>
  </testcase> <!-- @BeforeMethod beforeTest -->
  <testcase name="@AfterMethod setupEnv" time="0.0" classname="com.volaris.testscripts.Re10">
    <skipped/>
  </testcase> <!-- @AfterMethod setupEnv -->
  <testcase name="@BeforeMethod beforeTest" time="0.0" classname="com.volaris.testscripts.Re10">
    <skipped/>
  </testcase> <!-- @BeforeMethod beforeTest -->
  <testcase name="@AfterMethod setupEnv" time="0.0" classname="com.volaris.testscripts.Re10">
    <skipped/>
  </testcase> <!-- @AfterMethod setupEnv -->
  <testcase name="@BeforeMethod beforeTest" time="0.0" classname="com.volaris.testscripts.Re10">
    <skipped/>
  </testcase> <!-- @BeforeMethod beforeTest -->
  <testcase name="@AfterMethod setupEnv" time="0.0" classname="com.volaris.testscripts.Re10">
    <skipped/>
  </testcase> <!-- @AfterMethod setupEnv -->
  <testcase name="@BeforeMethod beforeTest" time="0.0" classname="com.volaris.testscripts.Re10">
    <skipped/>
  </testcase> <!-- @BeforeMethod beforeTest -->
  <testcase name="@AfterMethod setupEnv" time="0.0" classname="com.volaris.testscripts.Re10">
    <skipped/>
  </testcase> <!-- @AfterMethod setupEnv -->
  <testcase name="@BeforeMethod beforeTest" time="0.0" classname="com.volaris.testscripts.Re10">
    <skipped/>
  </testcase> <!-- @BeforeMethod beforeTest -->
  <testcase name="@AfterMethod setupEnv" time="0.0" classname="com.volaris.testscripts.Re10">
    <skipped/>
  </testcase> <!-- @AfterMethod setupEnv -->
  <testcase name="@BeforeMethod beforeTest" time="0.0" classname="com.volaris.testscripts.Re10">
    <skipped/>
  </testcase> <!-- @BeforeMethod beforeTest -->
  <testcase name="@AfterMethod setupEnv" time="0.0" classname="com.volaris.testscripts.Re10">
    <skipped/>
  </testcase> <!-- @AfterMethod setupEnv -->
  <testcase name="@BeforeMethod beforeTest" time="0.0" classname="com.volaris.testscripts.Re10">
    <skipped/>
  </testcase> <!-- @BeforeMethod beforeTest -->
  <testcase name="@AfterMethod setupEnv" time="0.0" classname="com.volaris.testscripts.Re10">
    <skipped/>
  </testcase> <!-- @AfterMethod setupEnv -->
  <testcase name="@BeforeMethod beforeTest" time="0.0" classname="com.volaris.testscripts.Re10">
    <skipped/>
  </testcase> <!-- @BeforeMethod beforeTest -->
  <testcase name="@AfterMethod setupEnv" time="0.0" classname="com.volaris.testscripts.Re10">
    <skipped/>
  </testcase> <!-- @AfterMethod setupEnv -->
  <testcase name="@BeforeMethod beforeTest" time="0.0" classname="com.volaris.testscripts.Re10">
    <skipped/>
  </testcase> <!-- @BeforeMethod beforeTest -->
  <testcase name="@AfterMethod setupEnv" time="0.0" classname="com.volaris.testscripts.Re10">
    <skipped/>
  </testcase> <!-- @AfterMethod setupEnv -->
  <testcase name="@BeforeMethod beforeTest" time="0.0" classname="com.volaris.testscripts.Re10">
    <skipped/>
  </testcase> <!-- @BeforeMethod beforeTest -->
  <testcase name="@AfterMethod setupEnv" time="0.0" classname="com.volaris.testscripts.Re10">
    <skipped/>
  </testcase> <!-- @AfterMethod setupEnv -->
  <testcase name="@BeforeMethod beforeTest" time="0.0" classname="com.volaris.testscripts.Re10">
    <skipped/>
  </testcase> <!-- @BeforeMethod beforeTest -->
  <testcase name="@AfterMethod setupEnv" time="0.0" classname="com.volaris.testscripts.Re10">
    <skipped/>
  </testcase> <!-- @AfterMethod setupEnv -->
  <testcase name="@BeforeMethod beforeTest" time="0.0" classname="com.volaris.testscripts.Re10">
    <skipped/>
  </testcase> <!-- @BeforeMethod beforeTest -->
  <testcase name="@AfterMethod setupEnv" time="0.0" classname="com.volaris.testscripts.Re10">
    <skipped/>
  </testcase> <!-- @AfterMethod setupEnv -->
  <testcase name="@BeforeMethod beforeTest" time="0.0" classname="com.volaris.testscripts.Re10">
    <skipped/>
  </testcase> <!-- @BeforeMethod beforeTest -->
  <testcase name="@AfterMethod setupEnv" time="0.0" classname="com.volaris.testscripts.Re10">
    <skipped/>
  </testcase> <!-- @AfterMethod setupEnv -->
  <testcase name="@BeforeMethod beforeTest" time="0.0" classname="com.volaris.testscripts.Re10">
    <skipped/>
  </testcase> <!-- @BeforeMethod beforeTest -->
  <testcase name="@AfterMethod setupEnv" time="0.0" classname="com.volaris.testscripts.Re10">
    <skipped/>
  </testcase> <!-- @AfterMethod setupEnv -->
  <testcase name="@BeforeMethod beforeTest" time="0.0" classname="com.volaris.testscripts.Re10">
    <skipped/>
  </testcase> <!-- @BeforeMethod beforeTest -->
  <testcase name="@AfterMethod setupEnv" time="0.0" classname="com.volaris.testscripts.Re10">
    <skipped/>
  </testcase> <!-- @AfterMethod setupEnv -->
  <testcase name="@BeforeMethod beforeTest" time="0.0" classname="com.volaris.testscripts.Re10">
    <skipped/>
  </testcase> <!-- @BeforeMethod beforeTest -->
  <testcase name="@AfterMethod setupEnv" time="0.0" classname="com.volaris.testscripts.Re10">
    <skipped/>
  </testcase> <!-- @AfterMethod setupEnv -->
  <testcase name="@BeforeMethod beforeTest" time="0.0" classname="com.volaris.testscripts.Re10">
    <skipped/>
  </testcase> <!-- @BeforeMethod beforeTest -->
  <testcase name="@AfterMethod setupEnv" time="0.0" classname="com.volaris.testscripts.Re10">
    <skipped/>
  </testcase> <!-- @AfterMethod setupEnv -->
  <testcase name="@BeforeMethod beforeTest" time="0.0" classname="com.volaris.testscripts.Re10">
    <skipped/>
  </testcase> <!-- @BeforeMethod beforeTest -->
  <testcase name="@AfterMethod setupEnv" time="0.0" classname="com.volaris.testscripts.Re10">
    <skipped/>
  </testcase> <!-- @AfterMethod setupEnv -->
  <testcase name="@BeforeMethod beforeTest" time="0.0" classname="com.volaris.testscripts.Re10">
    <skipped/>
  </testcase> <!-- @BeforeMethod beforeTest -->
  <testcase name="@AfterMethod setupEnv" time="0.0" classname="com.volaris.testscripts.Re10">
    <skipped/>
  </testcase> <!-- @AfterMethod setupEnv -->
  <testcase name="@BeforeMethod beforeTest" time="0.0" classname="com.volaris.testscripts.Re10">
    <skipped/>
  </testcase> <!-- @BeforeMethod beforeTest -->
  <testcase name="@AfterMethod setupEnv" time="0.0" classname="com.volaris.testscripts.Re10">
    <skipped/>
  </testcase> <!-- @AfterMethod setupEnv -->
  <testcase name="@BeforeMethod beforeTest" time="0.0" classname="com.volaris.testscripts.Re10">
    <skipped/>
  </testcase> <!-- @BeforeMethod beforeTest -->
  <testcase name="@AfterMethod setupEnv" time="0.0" classname="com.volaris.testscripts.Re10">
    <skipped/>
  </testcase> <!-- @AfterMethod setupEnv -->
  <testcase name="@BeforeMethod beforeTest" time="0.0" classname="com.volaris.testscripts.Re10">
    <skipped/>
  </testcase> <!-- @BeforeMethod beforeTest -->
  <testcase name="@AfterMethod setupEnv" time="0.0" classname="com.volaris.testscripts.Re10">
    <skipped/>
  </testcase> <!-- @AfterMethod setupEnv -->
  <testcase name="@BeforeMethod beforeTest" time="0.0" classname="com.volaris.testscripts.Re10">
    <skipped/>
  </testcase> <!-- @BeforeMethod beforeTest -->
  <testcase name="@AfterMethod setupEnv" time="0.0" classname="com.volaris.testscripts.Re10">
    <skipped/>
  </testcase> <!-- @AfterMethod setupEnv -->
  <testcase name="@BeforeMethod beforeTest" time="0.0" classname="com.volaris.testscripts.Re10">
    <skipped/>
  </testcase> <!-- @BeforeMethod beforeTest -->
  <testcase name="@AfterMethod setupEnv" time="0.0" classname="com.volaris.testscripts.Re10">
    <skipped/>
  </testcase> <!-- @AfterMethod setupEnv -->
  <testcase name="@BeforeMethod beforeTest" time="0.0" classname="com.volaris.testscripts.Re10">
    <skipped/>
  </testcase> <!-- @BeforeMethod beforeTest -->
  <testcase name="@AfterMethod setupEnv" time="0.0" classname="com.volaris.testscripts.Re10">
    <skipped/>
  </testcase> <!-- @AfterMethod setupEnv -->
  <testcase name="@BeforeMethod beforeTest" time="0.0" classname="com.volaris.testscripts.Re10">
    <skipped/>
  </testcase> <!-- @BeforeMethod beforeTest -->
  <testcase name="@AfterMethod setupEnv" time="0.0" classname="com.volaris.testscripts.Re10">
    <skipped/>
  </testcase> <!-- @AfterMethod setupEnv -->
  <testcase name="@BeforeMethod beforeTest" time="0.0" classname="com.volaris.testscripts.Re10">
    <skipped/>
  </testcase> <!-- @BeforeMethod beforeTest -->
  <testcase name="@AfterMethod setupEnv" time="0.0" classname="com.volaris.testscripts.Re10">
    <skipped/>
  </testcase> <!-- @AfterMethod setupEnv -->
  <testcase name="@BeforeMethod beforeTest" time="0.0" classname="com.volaris.testscripts.Re10">
    <skipped/>
  </testcase> <!-- @BeforeMethod beforeTest -->
  <testcase name="@AfterMethod setupEnv" time="0.0" classname="com.volaris.testscripts.Re10">
    <skipped/>
  </testcase> <!-- @AfterMethod setupEnv -->
  <testcase name="@BeforeMethod beforeTest" time="0.0" classname="com.volaris.testscripts.Re10">
    <skipped/>
  </testcase> <!-- @BeforeMethod beforeTest -->
  <testcase name="@AfterMethod setupEnv" time="0.0" classname="com.volaris.testscripts.Re10">
    <skipped/>
  </testcase> <!-- @AfterMethod setupEnv -->
  <testcase name="@BeforeMethod beforeTest" time="0.0" classname="com.volaris.testscripts.Re10">
    <skipped/>
  </testcase> <!-- @BeforeMethod beforeTest -->
  <testcase name="@AfterMethod setupEnv" time="0.0" classname="com.volaris.testscripts.Re10">
    <skipped/>
  </testcase> <!-- @AfterMethod setupEnv -->
  <testcase name="@BeforeMethod beforeTest" time="0.0" classname="com.volaris.testscripts.Re10">
    <skipped/>
  </testcase> <!-- @BeforeMethod beforeTest -->
  <testcase name="@AfterMethod setupEnv" time="0.0" classname="com.volaris.testscripts.Re10">
    <skipped/>
  </testcase> <!-- @AfterMethod setupEnv -->
  <testcase name="@BeforeMethod beforeTest" time="0.0" classname="com.volaris.testscripts.Re10">
    <skipped/>
  </testcase> <!-- @BeforeMethod beforeTest -->
  <testcase name="@AfterMethod setupEnv" time="0.0" classname="com.volaris.testscripts.Re10">
    <skipped/>
  </testcase> <!-- @AfterMethod setupEnv -->
  <testcase name="@BeforeMethod beforeTest" time="0.0" classname="com.volaris.testscripts.Re10">
    <skipped/>
  </testcase> <!-- @BeforeMethod beforeTest -->
  <testcase name="@AfterMethod setupEnv" time="0.0" classname="com.volaris.testscripts.Re10">
    <skipped/>
  </testcase> <!-- @AfterMethod setupEnv -->
  <testcase name="@AfterTest quitDriver" time="0.0" classname="com.volaris.testscripts.Re10">
    <failure type="java.lang.IllegalStateException" message="No reporters were started. Atleast 1 reporter must be started to flush results.">
      <![CDATA[java.lang.IllegalStateException: No reporters were started. Atleast 1 reporter must be started to flush results.
	at com.aventstack.extentreports.Report.flush(Report.java:166)
	at com.aventstack.extentreports.ExtentReports.flush(ExtentReports.java:270)
	at com.volaris.testscripts.Re10.quitDriver(Re10.java:774)
	at sun.reflect.NativeMethodAccessorImpl.invoke0(Native Method)
	at sun.reflect.NativeMethodAccessorImpl.invoke(Unknown Source)
	at sun.reflect.DelegatingMethodAccessorImpl.invoke(Unknown Source)
	at java.lang.reflect.Method.invoke(Unknown Source)
	at org.testng.internal.MethodInvocationHelper.invokeMethod(MethodInvocationHelper.java:86)
	at org.testng.internal.Invoker.invokeConfigurationMethod(Invoker.java:514)
	at org.testng.internal.Invoker.invokeConfigurations(Invoker.java:215)
	at org.testng.internal.Invoker.invokeConfigurations(Invoker.java:142)
	at org.testng.TestRunner.afterRun(TestRunner.java:1012)
	at org.testng.TestRunner.run(TestRunner.java:636)
	at org.testng.SuiteRunner.runTest(SuiteRunner.java:366)
	at org.testng.SuiteRunner.runSequentially(SuiteRunner.java:361)
	at org.testng.SuiteRunner.privateRun(SuiteRunner.java:319)
	at org.testng.SuiteRunner.run(SuiteRunner.java:268)
	at org.testng.SuiteRunnerWorker.runSuite(SuiteRunnerWorker.java:52)
	at org.testng.SuiteRunnerWorker.run(SuiteRunnerWorker.java:86)
	at org.testng.TestNG.runSuitesSequentially(TestNG.java:1244)
	at org.testng.TestNG.runSuitesLocally(TestNG.java:1169)
	at org.testng.TestNG.run(TestNG.java:1064)
	at org.testng.remote.AbstractRemoteTestNG.run(AbstractRemoteTestNG.java:132)
	at org.testng.remote.RemoteTestNG.initAndRun(RemoteTestNG.java:230)
	at org.testng.remote.RemoteTestNG.main(RemoteTestNG.java:76)
]]>
    </failure>
  </testcase> <!-- @AfterTest quitDriver -->
  <testcase name="tc0121" time="0.0" classname="com.volaris.testscripts.Re10">
    <skipped/>
  </testcase> <!-- tc0121 -->
  <testcase name="tc0122" time="0.0" classname="com.volaris.testscripts.Re10">
    <skipped/>
  </testcase> <!-- tc0122 -->
  <testcase name="tc0123" time="0.0" classname="com.volaris.testscripts.Re10">
    <skipped/>
  </testcase> <!-- tc0123 -->
  <testcase name="tc0126" time="0.0" classname="com.volaris.testscripts.Re10">
    <skipped/>
  </testcase> <!-- tc0126 -->
  <testcase name="tc0128" time="0.0" classname="com.volaris.testscripts.Re10">
    <skipped/>
  </testcase> <!-- tc0128 -->
  <testcase name="tc0150" time="0.0" classname="com.volaris.testscripts.Re10">
    <skipped/>
  </testcase> <!-- tc0150 -->
  <testcase name="tc0153" time="0.0" classname="com.volaris.testscripts.Re10">
    <skipped/>
  </testcase> <!-- tc0153 -->
  <testcase name="tc0154" time="0.0" classname="com.volaris.testscripts.Re10">
    <skipped/>
  </testcase> <!-- tc0154 -->
  <testcase name="tc0155" time="0.0" classname="com.volaris.testscripts.Re10">
    <skipped/>
  </testcase> <!-- tc0155 -->
  <testcase name="tc0156" time="0.0" classname="com.volaris.testscripts.Re10">
    <skipped/>
  </testcase> <!-- tc0156 -->
  <testcase name="tc0157" time="0.001" classname="com.volaris.testscripts.Re10">
    <skipped/>
  </testcase> <!-- tc0157 -->
  <testcase name="tc0158" time="0.0" classname="com.volaris.testscripts.Re10">
    <skipped/>
  </testcase> <!-- tc0158 -->
  <testcase name="tc0159" time="0.0" classname="com.volaris.testscripts.Re10">
    <skipped/>
  </testcase> <!-- tc0159 -->
  <testcase name="tc0160" time="0.0" classname="com.volaris.testscripts.Re10">
    <skipped/>
  </testcase> <!-- tc0160 -->
  <testcase name="tc0161" time="0.0" classname="com.volaris.testscripts.Re10">
    <skipped/>
  </testcase> <!-- tc0161 -->
  <testcase name="tc0162" time="0.0" classname="com.volaris.testscripts.Re10">
    <skipped/>
  </testcase> <!-- tc0162 -->
  <testcase name="tc0163" time="0.0" classname="com.volaris.testscripts.Re10">
    <skipped/>
  </testcase> <!-- tc0163 -->
  <testcase name="tc0164" time="0.0" classname="com.volaris.testscripts.Re10">
    <skipped/>
  </testcase> <!-- tc0164 -->
  <testcase name="tc0165" time="0.0" classname="com.volaris.testscripts.Re10">
    <skipped/>
  </testcase> <!-- tc0165 -->
  <testcase name="tc0166" time="0.016" classname="com.volaris.testscripts.Re10">
    <skipped/>
  </testcase> <!-- tc0166 -->
  <testcase name="tc0167" time="0.0" classname="com.volaris.testscripts.Re10">
    <skipped/>
  </testcase> <!-- tc0167 -->
  <testcase name="tc0170" time="0.016" classname="com.volaris.testscripts.Re10">
    <skipped/>
  </testcase> <!-- tc0170 -->
  <testcase name="tc0171" time="0.0" classname="com.volaris.testscripts.Re10">
    <skipped/>
  </testcase> <!-- tc0171 -->
  <testcase name="tc0172" time="0.0" classname="com.volaris.testscripts.Re10">
    <skipped/>
  </testcase> <!-- tc0172 -->
  <testcase name="tc0173" time="0.0" classname="com.volaris.testscripts.Re10">
    <skipped/>
  </testcase> <!-- tc0173 -->
  <testcase name="tc0176" time="0.0" classname="com.volaris.testscripts.Re10">
    <skipped/>
  </testcase> <!-- tc0176 -->
  <testcase name="tc0177" time="0.0" classname="com.volaris.testscripts.Re10">
    <skipped/>
  </testcase> <!-- tc0177 -->
  <testcase name="tc0178" time="0.0" classname="com.volaris.testscripts.Re10">
    <skipped/>
  </testcase> <!-- tc0178 -->
  <testcase name="tc0179" time="0.0" classname="com.volaris.testscripts.Re10">
    <skipped/>
  </testcase> <!-- tc0179 -->
  <testcase name="tc0180" time="0.0" classname="com.volaris.testscripts.Re10">
    <skipped/>
  </testcase> <!-- tc0180 -->
  <testcase name="tc0181" time="0.0" classname="com.volaris.testscripts.Re10">
    <skipped/>
  </testcase> <!-- tc0181 -->
  <testcase name="tc0182" time="0.0" classname="com.volaris.testscripts.Re10">
    <skipped/>
  </testcase> <!-- tc0182 -->
  <testcase name="tc0183" time="0.0" classname="com.volaris.testscripts.Re10">
    <skipped/>
  </testcase> <!-- tc0183 -->
  <testcase name="tc0184" time="0.0" classname="com.volaris.testscripts.Re10">
    <skipped/>
  </testcase> <!-- tc0184 -->
  <testcase name="tc0187" time="0.0" classname="com.volaris.testscripts.Re10">
    <skipped/>
  </testcase> <!-- tc0187 -->
  <testcase name="tc0190" time="0.0" classname="com.volaris.testscripts.Re10">
    <skipped/>
  </testcase> <!-- tc0190 -->
  <testcase name="tc0191" time="0.0" classname="com.volaris.testscripts.Re10">
    <skipped/>
  </testcase> <!-- tc0191 -->
  <testcase name="tc0192" time="0.0" classname="com.volaris.testscripts.Re10">
    <skipped/>
  </testcase> <!-- tc0192 -->
  <testcase name="tc0193" time="0.0" classname="com.volaris.testscripts.Re10">
    <skipped/>
  </testcase> <!-- tc0193 -->
  <testcase name="tc0194" time="0.0" classname="com.volaris.testscripts.Re10">
    <skipped/>
  </testcase> <!-- tc0194 -->
  <testcase name="tc0195" time="0.0" classname="com.volaris.testscripts.Re10">
    <skipped/>
  </testcase> <!-- tc0195 -->
  <testcase name="tc0196" time="0.0" classname="com.volaris.testscripts.Re10">
    <skipped/>
  </testcase> <!-- tc0196 -->
  <testcase name="tc0199" time="0.003" classname="com.volaris.testscripts.Re10">
    <skipped/>
  </testcase> <!-- tc0199 -->
  <testcase name="tc0200" time="0.0" classname="com.volaris.testscripts.Re10">
    <skipped/>
  </testcase> <!-- tc0200 -->
  <testcase name="tc0201" time="0.0" classname="com.volaris.testscripts.Re10">
    <skipped/>
  </testcase> <!-- tc0201 -->
  <testcase name="tc0202" time="0.001" classname="com.volaris.testscripts.Re10">
    <skipped/>
  </testcase> <!-- tc0202 -->
  <testcase name="tc0203" time="0.001" classname="com.volaris.testscripts.Re10">
    <skipped/>
  </testcase> <!-- tc0203 -->
  <testcase name="tc0204" time="0.0" classname="com.volaris.testscripts.Re10">
    <skipped/>
  </testcase> <!-- tc0204 -->
</testsuite> <!-- Default test -->
